# JRE version: OpenJDK Runtime Environment Temurin-21.0.8+9 (21.0.8+9) (build 21.0.8+9-LTS)
# Java VM: OpenJDK 64-Bit Server VM Temurin-21.0.8+9 (21.0.8+9-LTS, mixed mode, sharing, tiered, compressed oops, compressed class ptrs, g1 gc, windows-amd64)
GC Precious Log:
 CardTable entry size: 512
 Card Set container configuration: InlinePtr #cards 5 size 8 Array Of Cards #cards 12 size 40 Howl #buckets 4 coarsen threshold 1843 Howl Bitmap #cards 512 size 80 coarsen threshold 460 Card regions per heap region 1 cards per card region 2048
 CPUs: 4 total, 4 available
 Memory: 7971M
 Large Page Support: Disabled
 NUMA Support: Disabled
 Compressed Oops: Enabled (32-bit)
 Heap Region Size: 1M
 Heap Min Capacity: 8M
 Heap Initial Capacity: 126M
 Heap Max Capacity: 1994M
 Pre-touch: Disabled
 Parallel Workers: 4
 Concurrent Workers: 1
 Concurrent Refinement Workers: 4
 Periodic GC: Disabled
Heap:
 garbage-first heap   total 94208K, used 56542K [0x0000000083600000, 0x0000000100000000)
  region size 1024K, 34 young (34816K), 1 survivors (1024K)
 Metaspace       used 27748K, committed 28032K, reserved 1114112K
  class space    used 3160K, committed 3264K, reserved 1048576K
GC Heap History (20 events):
Event: 1.001 GC heap before
{Heap before GC invocations=1 (full 0):
 garbage-first heap   total 129024K, used 19630K [0x0000000083600000, 0x0000000100000000)
  region size 1024K, 18 young (18432K), 2 survivors (2048K)
 Metaspace       used 6101K, committed 6272K, reserved 1114112K
  class space    used 720K, committed 832K, reserved 1048576K
}
Event: 1.005 GC heap after
{Heap after GC invocations=2 (full 0):
 garbage-first heap   total 129024K, used 4088K [0x0000000083600000, 0x0000000100000000)
  region size 1024K, 1 young (1024K), 1 survivors (1024K)
 Metaspace       used 6101K, committed 6272K, reserved 1114112K
  class space    used 720K, committed 832K, reserved 1048576K
}
Event: 3.239 GC heap before
{Heap before GC invocations=2 (full 0):
 garbage-first heap   total 129024K, used 78840K [0x0000000083600000, 0x0000000100000000)
  region size 1024K, 75 young (76800K), 1 survivors (1024K)
 Metaspace       used 17311K, committed 17600K, reserved 1114112K
  class space    used 2063K, committed 2176K, reserved 1048576K
}
Event: 3.252 GC heap after
{Heap after GC invocations=3 (full 0):
 garbage-first heap   total 129024K, used 12091K [0x0000000083600000, 0x0000000100000000)
  region size 1024K, 9 young (9216K), 9 survivors (9216K)
 Metaspace       used 17311K, committed 17600K, reserved 1114112K
  class space    used 2063K, committed 2176K, reserved 1048576K
}
Event: 3.723 GC heap before
{Heap before GC invocations=3 (full 0):
 garbage-first heap   total 129024K, used 26427K [0x0000000083600000, 0x0000000100000000)
  region size 1024K, 25 young (25600K), 9 survivors (9216K)
 Metaspace       used 21308K, committed 21504K, reserved 1114112K
  class space    used 2556K, committed 2624K, reserved 1048576K
}
Event: 3.737 GC heap after
{Heap after GC invocations=4 (full 0):
 garbage-first heap   total 129024K, used 15264K [0x0000000083600000, 0x0000000100000000)
  region size 1024K, 4 young (4096K), 4 survivors (4096K)
 Metaspace       used 21308K, committed 21504K, reserved 1114112K
  class space    used 2556K, committed 2624K, reserved 1048576K
}
Event: 5.156 GC heap before
{Heap before GC invocations=5 (full 0):
 garbage-first heap   total 55296K, used 42912K [0x0000000083600000, 0x0000000100000000)
  region size 1024K, 32 young (32768K), 4 survivors (4096K)
 Metaspace       used 24335K, committed 24576K, reserved 1114112K
  class space    used 2882K, committed 3008K, reserved 1048576K
}
Event: 5.166 GC heap after
{Heap after GC invocations=6 (full 0):
 garbage-first heap   total 55296K, used 18625K [0x0000000083600000, 0x0000000100000000)
  region size 1024K, 4 young (4096K), 4 survivors (4096K)
 Metaspace       used 24335K, committed 24576K, reserved 1114112K
  class space    used 2882K, committed 3008K, reserved 1048576K
}
Event: 5.567 GC heap before
{Heap before GC invocations=6 (full 0):
 garbage-first heap   total 55296K, used 42177K [0x0000000083600000, 0x0000000100000000)
  region size 1024K, 28 young (28672K), 4 survivors (4096K)
 Metaspace       used 24528K, committed 24768K, reserved 1114112K
  class space    used 2885K, committed 3008K, reserved 1048576K
}
Event: 5.574 GC heap after
{Heap after GC invocations=7 (full 0):
 garbage-first heap   total 55296K, used 19829K [0x0000000083600000, 0x0000000100000000)
  region size 1024K, 2 young (2048K), 2 survivors (2048K)
 Metaspace       used 24528K, committed 24768K, reserved 1114112K
  class space    used 2885K, committed 3008K, reserved 1048576K
}
Event: 5.992 GC heap before
{Heap before GC invocations=7 (full 0):
 garbage-first heap   total 55296K, used 45429K [0x0000000083600000, 0x0000000100000000)
  region size 1024K, 27 young (27648K), 2 survivors (2048K)
 Metaspace       used 24844K, committed 25088K, reserved 1114112K
  class space    used 2887K, committed 3008K, reserved 1048576K
}
Event: 5.996 GC heap after
{Heap after GC invocations=8 (full 0):
 garbage-first heap   total 55296K, used 20913K [0x0000000083600000, 0x0000000100000000)
  region size 1024K, 3 young (3072K), 3 survivors (3072K)
 Metaspace       used 24844K, committed 25088K, reserved 1114112K
  class space    used 2887K, committed 3008K, reserved 1048576K
}
Event: 6.512 GC heap before
{Heap before GC invocations=8 (full 0):
 garbage-first heap   total 55296K, used 41393K [0x0000000083600000, 0x0000000100000000)
  region size 1024K, 24 young (24576K), 3 survivors (3072K)
 Metaspace       used 26001K, committed 26304K, reserved 1114112K
  class space    used 3008K, committed 3136K, reserved 1048576K
}
Event: 6.518 GC heap after
{Heap after GC invocations=9 (full 0):
 garbage-first heap   total 55296K, used 22293K [0x0000000083600000, 0x0000000100000000)
  region size 1024K, 3 young (3072K), 3 survivors (3072K)
 Metaspace       used 26001K, committed 26304K, reserved 1114112K
  class space    used 3008K, committed 3136K, reserved 1048576K
}
Event: 6.519 GC heap before
{Heap before GC invocations=9 (full 0):
 garbage-first heap   total 55296K, used 30485K [0x0000000083600000, 0x0000000100000000)
  region size 1024K, 4 young (4096K), 3 survivors (3072K)
 Metaspace       used 26001K, committed 26304K, reserved 1114112K
  class space    used 3008K, committed 3136K, reserved 1048576K
}
Event: 6.524 GC heap after
{Heap after GC invocations=10 (full 0):
 garbage-first heap   total 66560K, used 30509K [0x0000000083600000, 0x0000000100000000)
  region size 1024K, 2 young (2048K), 2 survivors (2048K)
 Metaspace       used 26001K, committed 26304K, reserved 1114112K
  class space    used 3008K, committed 3136K, reserved 1048576K
}
Event: 6.526 GC heap before
{Heap before GC invocations=10 (full 0):
 garbage-first heap   total 66560K, used 42797K [0x0000000083600000, 0x0000000100000000)
  region size 1024K, 3 young (3072K), 2 survivors (2048K)
 Metaspace       used 26001K, committed 26304K, reserved 1114112K
  class space    used 3008K, committed 3136K, reserved 1048576K
}
Event: 6.529 GC heap after
{Heap after GC invocations=11 (full 0):
 garbage-first heap   total 66560K, used 42596K [0x0000000083600000, 0x0000000100000000)
  region size 1024K, 2 young (2048K), 2 survivors (2048K)
 Metaspace       used 26001K, committed 26304K, reserved 1114112K
  class space    used 3008K, committed 3136K, reserved 1048576K
}
Event: 6.983 GC heap before
{Heap before GC invocations=12 (full 0):
 garbage-first heap   total 94208K, used 69220K [0x0000000083600000, 0x0000000100000000)
  region size 1024K, 16 young (16384K), 2 survivors (2048K)
 Metaspace       used 26928K, committed 27200K, reserved 1114112K
  class space    used 3088K, committed 3200K, reserved 1048576K
}
Event: 6.988 GC heap after
{Heap after GC invocations=13 (full 0):
 garbage-first heap   total 94208K, used 22750K [0x0000000083600000, 0x0000000100000000)
  region size 1024K, 1 young (1024K), 1 survivors (1024K)
 Metaspace       used 26928K, committed 27200K, reserved 1114112K
  class space    used 3088K, committed 3200K, reserved 1048576K
}

