# JRE version: OpenJDK Runtime Environment Temurin-21.0.10+7 (21.0.10+7) (build 21.0.10+7-LTS)
# Java VM: OpenJDK 64-Bit Server VM Temurin-21.0.10+7 (21.0.10+7-LTS, mixed mode, sharing, tiered, compressed oops, compressed class ptrs, parallel gc, windows-amd64)
GC Precious Log:
 CardTable entry size: 512
 CPUs: 4 total, 4 available
 Memory: 7971M
 Large Page Support: Disabled
 NUMA Support: Disabled
 Compressed Oops: Enabled (32-bit)
 Alignments: Space 512K, Generation 512K, Heap 2M
 Heap Min Capacity: 100M
 Heap Initial Capacity: 100M
 Heap Max Capacity: 2G
 Pre-touch: Disabled
 Parallel Workers: 4
Heap:
 PSYoungGen      total 15872K, used 1698K [0x00000000d5580000, 0x00000000d6780000, 0x0000000100000000)
  eden space 14336K, 1% used [0x00000000d5580000,0x00000000d55ab650,0x00000000d6380000)
  from space 1536K, 99% used [0x00000000d6600000,0x00000000d677d510,0x00000000d6780000)
  to   space 1536K, 0% used [0x00000000d6480000,0x00000000d6480000,0x00000000d6600000)
 ParOldGen       total 68608K, used 66982K [0x0000000080000000, 0x0000000084300000, 0x00000000d5580000)
  object space 68608K, 97% used [0x0000000080000000,0x0000000084169a08,0x0000000084300000)
 Metaspace       used 56662K, committed 58048K, reserved 1114112K
  class space    used 6050K, committed 6656K, reserved 1048576K
GC Heap History (20 events):
Event: 17.557 GC heap before
{Heap before GC invocations=30 (full 2):
 PSYoungGen      total 21504K, used 21493K [0x00000000d5580000, 0x00000000d7000000, 0x0000000100000000)
  eden space 19968K, 100% used [0x00000000d5580000,0x00000000d6900000,0x00000000d6900000)
  from space 1536K, 99% used [0x00000000d6a80000,0x00000000d6bfd6a8,0x00000000d6c00000)
  to   space 2560K, 0% used [0x00000000d6d80000,0x00000000d6d80000,0x00000000d7000000)
 ParOldGen       total 68608K, used 45646K [0x0000000080000000, 0x0000000084300000, 0x00000000d5580000)
  object space 68608K, 66% used [0x0000000080000000,0x0000000082c93810,0x0000000084300000)
 Metaspace       used 51345K, committed 52544K, reserved 1114112K
  class space    used 5582K, committed 6080K, reserved 1048576K
}
Event: 17.563 GC heap after
{Heap after GC invocations=30 (full 2):
 PSYoungGen      total 21504K, used 2558K [0x00000000d5580000, 0x00000000d7400000, 0x0000000100000000)
  eden space 18944K, 0% used [0x00000000d5580000,0x00000000d5580000,0x00000000d6800000)
  from space 2560K, 99% used [0x00000000d6d80000,0x00000000d6fff990,0x00000000d7000000)
  to   space 5632K, 0% used [0x00000000d6800000,0x00000000d6800000,0x00000000d6d80000)
 ParOldGen       total 68608K, used 47965K [0x0000000080000000, 0x0000000084300000, 0x00000000d5580000)
  object space 68608K, 69% used [0x0000000080000000,0x0000000082ed7690,0x0000000084300000)
 Metaspace       used 51345K, committed 52544K, reserved 1114112K
  class space    used 5582K, committed 6080K, reserved 1048576K
}
Event: 17.722 GC heap before
{Heap before GC invocations=31 (full 2):
 PSYoungGen      total 21504K, used 21502K [0x00000000d5580000, 0x00000000d7400000, 0x0000000100000000)
  eden space 18944K, 100% used [0x00000000d5580000,0x00000000d6800000,0x00000000d6800000)
  from space 2560K, 99% used [0x00000000d6d80000,0x00000000d6fff990,0x00000000d7000000)
  to   space 5632K, 0% used [0x00000000d6800000,0x00000000d6800000,0x00000000d6d80000)
 ParOldGen       total 68608K, used 47965K [0x0000000080000000, 0x0000000084300000, 0x00000000d5580000)
  object space 68608K, 69% used [0x0000000080000000,0x0000000082ed7690,0x0000000084300000)
 Metaspace       used 51692K, committed 52992K, reserved 1114112K
  class space    used 5609K, committed 6144K, reserved 1048576K
}
Event: 17.729 GC heap after
{Heap after GC invocations=31 (full 2):
 PSYoungGen      total 20992K, used 1661K [0x00000000d5580000, 0x00000000d6e00000, 0x0000000100000000)
  eden space 18944K, 0% used [0x00000000d5580000,0x00000000d5580000,0x00000000d6800000)
  from space 2048K, 81% used [0x00000000d6800000,0x00000000d699f410,0x00000000d6a00000)
  to   space 3072K, 0% used [0x00000000d6b00000,0x00000000d6b00000,0x00000000d6e00000)
 ParOldGen       total 68608K, used 50319K [0x0000000080000000, 0x0000000084300000, 0x00000000d5580000)
  object space 68608K, 73% used [0x0000000080000000,0x0000000083123f28,0x0000000084300000)
 Metaspace       used 51692K, committed 52992K, reserved 1114112K
  class space    used 5609K, committed 6144K, reserved 1048576K
}
Event: 18.113 GC heap before
{Heap before GC invocations=32 (full 2):
 PSYoungGen      total 20992K, used 20590K [0x00000000d5580000, 0x00000000d6e00000, 0x0000000100000000)
  eden space 18944K, 99% used [0x00000000d5580000,0x00000000d67fc5d8,0x00000000d6800000)
  from space 2048K, 81% used [0x00000000d6800000,0x00000000d699f410,0x00000000d6a00000)
  to   space 3072K, 0% used [0x00000000d6b00000,0x00000000d6b00000,0x00000000d6e00000)
 ParOldGen       total 68608K, used 50319K [0x0000000080000000, 0x0000000084300000, 0x00000000d5580000)
  object space 68608K, 73% used [0x0000000080000000,0x0000000083123f28,0x0000000084300000)
 Metaspace       used 52081K, committed 53312K, reserved 1114112K
  class space    used 5646K, committed 6144K, reserved 1048576K
}
Event: 18.118 GC heap after
{Heap after GC invocations=32 (full 2):
 PSYoungGen      total 19968K, used 832K [0x00000000d5580000, 0x00000000d6c00000, 0x0000000100000000)
  eden space 18944K, 0% used [0x00000000d5580000,0x00000000d5580000,0x00000000d6800000)
  from space 1024K, 81% used [0x00000000d6b00000,0x00000000d6bd0000,0x00000000d6c00000)
  to   space 1536K, 0% used [0x00000000d6900000,0x00000000d6900000,0x00000000d6a80000)
 ParOldGen       total 68608K, used 51900K [0x0000000080000000, 0x0000000084300000, 0x00000000d5580000)
  object space 68608K, 75% used [0x0000000080000000,0x00000000832af338,0x0000000084300000)
 Metaspace       used 52081K, committed 53312K, reserved 1114112K
  class space    used 5646K, committed 6144K, reserved 1048576K
}
Event: 18.391 GC heap before
{Heap before GC invocations=33 (full 2):
 PSYoungGen      total 19968K, used 19776K [0x00000000d5580000, 0x00000000d6c00000, 0x0000000100000000)
  eden space 18944K, 100% used [0x00000000d5580000,0x00000000d6800000,0x00000000d6800000)
  from space 1024K, 81% used [0x00000000d6b00000,0x00000000d6bd0000,0x00000000d6c00000)
  to   space 1536K, 0% used [0x00000000d6900000,0x00000000d6900000,0x00000000d6a80000)
 ParOldGen       total 68608K, used 51900K [0x0000000080000000, 0x0000000084300000, 0x00000000d5580000)
  object space 68608K, 75% used [0x0000000080000000,0x00000000832af338,0x0000000084300000)
 Metaspace       used 53023K, committed 54272K, reserved 1114112K
  class space    used 5739K, committed 6272K, reserved 1048576K
}
Event: 18.396 GC heap after
{Heap after GC invocations=33 (full 2):
 PSYoungGen      total 20480K, used 1522K [0x00000000d5580000, 0x00000000d6e00000, 0x0000000100000000)
  eden space 18944K, 0% used [0x00000000d5580000,0x00000000d5580000,0x00000000d6800000)
  from space 1536K, 99% used [0x00000000d6900000,0x00000000d6a7c828,0x00000000d6a80000)
  to   space 3072K, 0% used [0x00000000d6b00000,0x00000000d6b00000,0x00000000d6e00000)
 ParOldGen       total 68608K, used 52764K [0x0000000080000000, 0x0000000084300000, 0x00000000d5580000)
  object space 68608K, 76% used [0x0000000080000000,0x0000000083387338,0x0000000084300000)
 Metaspace       used 53023K, committed 54272K, reserved 1114112K
  class space    used 5739K, committed 6272K, reserved 1048576K
}
Event: 18.672 GC heap before
{Heap before GC invocations=34 (full 2):
 PSYoungGen      total 20480K, used 20466K [0x00000000d5580000, 0x00000000d6e00000, 0x0000000100000000)
  eden space 18944K, 100% used [0x00000000d5580000,0x00000000d6800000,0x00000000d6800000)
  from space 1536K, 99% used [0x00000000d6900000,0x00000000d6a7c828,0x00000000d6a80000)
  to   space 3072K, 0% used [0x00000000d6b00000,0x00000000d6b00000,0x00000000d6e00000)
 ParOldGen       total 68608K, used 52764K [0x0000000080000000, 0x0000000084300000, 0x00000000d5580000)
  object space 68608K, 76% used [0x0000000080000000,0x0000000083387338,0x0000000084300000)
 Metaspace       used 53294K, committed 54592K, reserved 1114112K
  class space    used 5764K, committed 6272K, reserved 1048576K
}
Event: 18.677 GC heap after
{Heap after GC invocations=34 (full 2):
 PSYoungGen      total 17408K, used 3056K [0x00000000d5580000, 0x00000000d7700000, 0x0000000100000000)
  eden space 14336K, 0% used [0x00000000d5580000,0x00000000d5580000,0x00000000d6380000)
  from space 3072K, 99% used [0x00000000d6b00000,0x00000000d6dfc1d8,0x00000000d6e00000)
  to   space 7680K, 0% used [0x00000000d6380000,0x00000000d6380000,0x00000000d6b00000)
 ParOldGen       total 68608K, used 56353K [0x0000000080000000, 0x0000000084300000, 0x00000000d5580000)
  object space 68608K, 82% used [0x0000000080000000,0x0000000083708410,0x0000000084300000)
 Metaspace       used 53294K, committed 54592K, reserved 1114112K
  class space    used 5764K, committed 6272K, reserved 1048576K
}
Event: 19.086 GC heap before
{Heap before GC invocations=35 (full 2):
 PSYoungGen      total 17408K, used 17392K [0x00000000d5580000, 0x00000000d7700000, 0x0000000100000000)
  eden space 14336K, 100% used [0x00000000d5580000,0x00000000d6380000,0x00000000d6380000)
  from space 3072K, 99% used [0x00000000d6b00000,0x00000000d6dfc1d8,0x00000000d6e00000)
  to   space 7680K, 0% used [0x00000000d6380000,0x00000000d6380000,0x00000000d6b00000)
 ParOldGen       total 68608K, used 56353K [0x0000000080000000, 0x0000000084300000, 0x00000000d5580000)
  object space 68608K, 82% used [0x0000000080000000,0x0000000083708410,0x0000000084300000)
 Metaspace       used 54179K, committed 55488K, reserved 1114112K
  class space    used 5799K, committed 6336K, reserved 1048576K
}
Event: 19.090 GC heap after
{Heap after GC invocations=35 (full 2):
 PSYoungGen      total 18432K, used 3998K [0x00000000d5580000, 0x00000000d6d80000, 0x0000000100000000)
  eden space 14336K, 0% used [0x00000000d5580000,0x00000000d5580000,0x00000000d6380000)
  from space 4096K, 97% used [0x00000000d6380000,0x00000000d6767910,0x00000000d6780000)
  to   space 5120K, 0% used [0x00000000d6880000,0x00000000d6880000,0x00000000d6d80000)
 ParOldGen       total 68608K, used 59424K [0x0000000080000000, 0x0000000084300000, 0x00000000d5580000)
  object space 68608K, 86% used [0x0000000080000000,0x0000000083a082e8,0x0000000084300000)
 Metaspace       used 54179K, committed 55488K, reserved 1114112K
  class space    used 5799K, committed 6336K, reserved 1048576K
}
Event: 19.149 GC heap before
{Heap before GC invocations=36 (full 2):
 PSYoungGen      total 18432K, used 18334K [0x00000000d5580000, 0x00000000d6d80000, 0x0000000100000000)
  eden space 14336K, 100% used [0x00000000d5580000,0x00000000d6380000,0x00000000d6380000)
  from space 4096K, 97% used [0x00000000d6380000,0x00000000d6767910,0x00000000d6780000)
  to   space 5120K, 0% used [0x00000000d6880000,0x00000000d6880000,0x00000000d6d80000)
 ParOldGen       total 68608K, used 59424K [0x0000000080000000, 0x0000000084300000, 0x00000000d5580000)
  object space 68608K, 86% used [0x0000000080000000,0x0000000083a082e8,0x0000000084300000)
 Metaspace       used 54199K, committed 55488K, reserved 1114112K
  class space    used 5799K, committed 6336K, reserved 1048576K
}
Event: 19.156 GC heap after
{Heap after GC invocations=36 (full 2):
 PSYoungGen      total 16384K, used 1564K [0x00000000d5580000, 0x00000000d6a80000, 0x0000000100000000)
  eden space 14336K, 0% used [0x00000000d5580000,0x00000000d5580000,0x00000000d6380000)
  from space 2048K, 76% used [0x00000000d6880000,0x00000000d6a07168,0x00000000d6a80000)
  to   space 3072K, 0% used [0x00000000d6480000,0x00000000d6480000,0x00000000d6780000)
 ParOldGen       total 68608K, used 62655K [0x0000000080000000, 0x0000000084300000, 0x00000000d5580000)
  object space 68608K, 91% used [0x0000000080000000,0x0000000083d2fd78,0x0000000084300000)
 Metaspace       used 54199K, committed 55488K, reserved 1114112K
  class space    used 5799K, committed 6336K, reserved 1048576K
}
Event: 19.224 GC heap before
{Heap before GC invocations=37 (full 2):
 PSYoungGen      total 16384K, used 15900K [0x00000000d5580000, 0x00000000d6a80000, 0x0000000100000000)
  eden space 14336K, 100% used [0x00000000d5580000,0x00000000d6380000,0x00000000d6380000)
  from space 2048K, 76% used [0x00000000d6880000,0x00000000d6a07168,0x00000000d6a80000)
  to   space 3072K, 0% used [0x00000000d6480000,0x00000000d6480000,0x00000000d6780000)
 ParOldGen       total 68608K, used 62655K [0x0000000080000000, 0x0000000084300000, 0x00000000d5580000)
  object space 68608K, 91% used [0x0000000080000000,0x0000000083d2fd78,0x0000000084300000)
 Metaspace       used 54228K, committed 55488K, reserved 1114112K
  class space    used 5801K, committed 6336K, reserved 1048576K
}
Event: 19.227 GC heap after
{Heap after GC invocations=37 (full 2):
 PSYoungGen      total 16384K, used 1985K [0x00000000d5580000, 0x00000000d6900000, 0x0000000100000000)
  eden space 14336K, 0% used [0x00000000d5580000,0x00000000d5580000,0x00000000d6380000)
  from space 2048K, 96% used [0x00000000d6480000,0x00000000d66705b8,0x00000000d6680000)
  to   space 2560K, 0% used [0x00000000d6680000,0x00000000d6680000,0x00000000d6900000)
 ParOldGen       total 68608K, used 63178K [0x0000000080000000, 0x0000000084300000, 0x00000000d5580000)
  object space 68608K, 92% used [0x0000000080000000,0x0000000083db29f0,0x0000000084300000)
 Metaspace       used 54228K, committed 55488K, reserved 1114112K
  class space    used 5801K, committed 6336K, reserved 1048576K
}
Event: 19.270 GC heap before
{Heap before GC invocations=38 (full 2):
 PSYoungGen      total 16384K, used 16321K [0x00000000d5580000, 0x00000000d6900000, 0x0000000100000000)
  eden space 14336K, 100% used [0x00000000d5580000,0x00000000d6380000,0x00000000d6380000)
  from space 2048K, 96% used [0x00000000d6480000,0x00000000d66705b8,0x00000000d6680000)
  to   space 2560K, 0% used [0x00000000d6680000,0x00000000d6680000,0x00000000d6900000)
 ParOldGen       total 68608K, used 63178K [0x0000000080000000, 0x0000000084300000, 0x00000000d5580000)
  object space 68608K, 92% used [0x0000000080000000,0x0000000083db29f0,0x0000000084300000)
 Metaspace       used 54246K, committed 55552K, reserved 1114112K
  class space    used 5804K, committed 6336K, reserved 1048576K
}
Event: 19.273 GC heap after
{Heap after GC invocations=38 (full 2):
 PSYoungGen      total 16384K, used 1967K [0x00000000d5580000, 0x00000000d6880000, 0x0000000100000000)
  eden space 14336K, 0% used [0x00000000d5580000,0x00000000d5580000,0x00000000d6380000)
  from space 2048K, 96% used [0x00000000d6680000,0x00000000d686bea8,0x00000000d6880000)
  to   space 2048K, 0% used [0x00000000d6480000,0x00000000d6480000,0x00000000d6680000)
 ParOldGen       total 68608K, used 64240K [0x0000000080000000, 0x0000000084300000, 0x00000000d5580000)
  object space 68608K, 93% used [0x0000000080000000,0x0000000083ebc210,0x0000000084300000)
 Metaspace       used 54246K, committed 55552K, reserved 1114112K
  class space    used 5804K, committed 6336K, reserved 1048576K
}
Event: 19.685 GC heap before
{Heap before GC invocations=39 (full 2):
 PSYoungGen      total 16384K, used 16290K [0x00000000d5580000, 0x00000000d6880000, 0x0000000100000000)
  eden space 14336K, 99% used [0x00000000d5580000,0x00000000d637cd00,0x00000000d6380000)
  from space 2048K, 96% used [0x00000000d6680000,0x00000000d686bea8,0x00000000d6880000)
  to   space 2048K, 0% used [0x00000000d6480000,0x00000000d6480000,0x00000000d6680000)
 ParOldGen       total 68608K, used 64240K [0x0000000080000000, 0x0000000084300000, 0x00000000d5580000)
  object space 68608K, 93% used [0x0000000080000000,0x0000000083ebc210,0x0000000084300000)
 Metaspace       used 55702K, committed 57024K, reserved 1114112K
  class space    used 5947K, committed 6528K, reserved 1048576K
}
Event: 19.688 GC heap after
{Heap after GC invocations=39 (full 2):
 PSYoungGen      total 15872K, used 1343K [0x00000000d5580000, 0x00000000d6780000, 0x0000000100000000)
  eden space 14336K, 0% used [0x00000000d5580000,0x00000000d5580000,0x00000000d6380000)
  from space 1536K, 87% used [0x00000000d6480000,0x00000000d65cfe48,0x00000000d6600000)
  to   space 1536K, 0% used [0x00000000d6600000,0x00000000d6600000,0x00000000d6780000)
 ParOldGen       total 68608K, used 65193K [0x0000000080000000, 0x0000000084300000, 0x00000000d5580000)
  object space 68608K, 95% used [0x0000000080000000,0x0000000083faa5a8,0x0000000084300000)
 Metaspace       used 55702K, committed 57024K, reserved 1114112K
  class space    used 5947K, committed 6528K, reserved 1048576K
}

